
7/25/2016, 1:25:10 PM

Operating System
  Name                        = Mac OS X
  Version                     = 10.11.5
  Architecture                = 64bit
  # CPUs                      = 8
  Memory                      = 17179869184

Node.js
  Node.js Version             = 4.2.2
  npm Version                 = 2.14.7

Titanium CLI
  CLI Version                 = 5.0.8

Titanium SDK
  SDK Version                 = 5.3.1.GA
  SDK Path                    = /Users/s.aman/Library/Application Support/Titanium/mobilesdk/osx/5.3.1.GA
  Target Platform             = iphone

Command
  /usr/local/bin/node /Users/s.aman/.appcelerator/install/5.3.1/package/node_modules/titanium/lib/titanium.js build run --platform ios --log-level trace --sdk 5.3.1.GA --project-dir /Users/s.aman/Documents/Appcelerator_Studio_Workspace/mazaya --target simulator --ios-version 9.0 --device-family universal --deploy-type development --sim-type iphone --sim-version 9.0 --device-id 7CE31579-E4C1-418D-B6D2-19243D0B0278 --debug-host localhost:55610 --skip-js-minify --no-colors --no-progress-bars --no-prompt --prompt-type socket-bundle --prompt-port 49214 --config-file /var/folders/d1/4z1cwxw57n39cz2sz1smy0c00000gp/T/build-1469442308604.json --no-banner --project-dir /Users/s.aman/Documents/Appcelerator_Studio_Workspace/mazaya

[TRACE]  [ioslib] Validating iOS Simulator UDID 7CE31579-E4C1-418D-B6D2-19243D0B0278
[TRACE]  [ioslib] Found iOS Simulator UDID 7CE31579-E4C1-418D-B6D2-19243D0B0278
[TRACE]  [ioslib] Selected iOS Simulator: iPhone 5
[TRACE]  [ioslib]   UDID    = 7CE31579-E4C1-418D-B6D2-19243D0B0278
[TRACE]  [ioslib]   iOS     = 9.0
[TRACE]  [ioslib] Autoselected Xcode: 7.0.1
[DEBUG]  Detecting modules in /Users/s.aman/Documents/Appcelerator_Studio_Workspace/mazaya/modules
[DEBUG]  Detected android module: dk.napp.drawer 1.1.7 @ /Users/s.aman/Documents/Appcelerator_Studio_Workspace/mazaya/modules/android/dk.napp.drawer/1.1.7
[DEBUG]  Detected android module: salem.khan.utility 0.0.1 @ /Users/s.aman/Documents/Appcelerator_Studio_Workspace/mazaya/modules/android/salem.khan.utility/0.0.1
[DEBUG]  Detected iphone module: dk.napp.drawer 1.2.4 @ /Users/s.aman/Documents/Appcelerator_Studio_Workspace/mazaya/modules/iphone/dk.napp.drawer/1.2.4
[DEBUG]  Detecting modules in /Users/s.aman/Library/Application Support/Titanium/modules
[DEBUG]  Detected android module: facebook 4.0.5 @ /Users/s.aman/Library/Application Support/Titanium/modules/android/facebook/4.0.5
[DEBUG]  Detected android module: facebook 5.0.0 @ /Users/s.aman/Library/Application Support/Titanium/modules/android/facebook/5.0.0
[DEBUG]  Detected android module: ti.cloudpush 3.4.0 @ /Users/s.aman/Library/Application Support/Titanium/modules/android/ti.cloudpush/3.4.0
[DEBUG]  Detected android module: ti.cloudpush 3.4.1 @ /Users/s.aman/Library/Application Support/Titanium/modules/android/ti.cloudpush/3.4.1
[DEBUG]  Detected android module: ti.map 2.3.4 @ /Users/s.aman/Library/Application Support/Titanium/modules/android/ti.map/2.3.4
[DEBUG]  Detected android module: ti.map 2.3.6 @ /Users/s.aman/Library/Application Support/Titanium/modules/android/ti.map/2.3.6
[DEBUG]  Detected commonjs module: ti.cloud 3.2.10 @ /Users/s.aman/Library/Application Support/Titanium/modules/commonjs/ti.cloud/3.2.10
[DEBUG]  Detected commonjs module: ti.cloud 3.2.9 @ /Users/s.aman/Library/Application Support/Titanium/modules/commonjs/ti.cloud/3.2.9
[DEBUG]  Detected iphone module: com.appcelerator.urlSession 2.0.0 @ /Users/s.aman/Library/Application Support/Titanium/modules/iphone/com.appcelerator.urlSession/2.0.0
[DEBUG]  Detected iphone module: facebook 4.0.5 @ /Users/s.aman/Library/Application Support/Titanium/modules/iphone/facebook/4.0.5
[DEBUG]  Detected iphone module: facebook 5.0.1 @ /Users/s.aman/Library/Application Support/Titanium/modules/iphone/facebook/5.0.1
[DEBUG]  Detected iphone module: ti.coremotion 1.1.0 @ /Users/s.aman/Library/Application Support/Titanium/modules/iphone/ti.coremotion/1.1.0
[DEBUG]  Detected iphone module: ti.coremotion 2.0.0 @ /Users/s.aman/Library/Application Support/Titanium/modules/iphone/ti.coremotion/2.0.0
[DEBUG]  Detected iphone module: ti.map 2.4.1 @ /Users/s.aman/Library/Application Support/Titanium/modules/iphone/ti.map/2.4.1
[DEBUG]  Detected iphone module: ti.map 2.5.2 @ /Users/s.aman/Library/Application Support/Titanium/modules/iphone/ti.map/2.5.2
[DEBUG]  Detected iphone module: ti.safaridialog 1.0.2 @ /Users/s.aman/Library/Application Support/Titanium/modules/iphone/ti.safaridialog/1.0.2
[DEBUG]  Detected iphone module: ti.safaridialog 1.0.3 @ /Users/s.aman/Library/Application Support/Titanium/modules/iphone/ti.safaridialog/1.0.3
[DEBUG]  Detected iphone module: ti.safaridialog 1.0.5 @ /Users/s.aman/Library/Application Support/Titanium/modules/iphone/ti.safaridialog/1.0.5
[DEBUG]  Detected iphone module: ti.touchid 1.2.0 @ /Users/s.aman/Library/Application Support/Titanium/modules/iphone/ti.touchid/1.2.0
[DEBUG]  Looking for Titanium module id=dk.napp.drawer version=latest platform=iphone deploy-type=development
[INFO]   Found Titanium module id=dk.napp.drawer version=1.2.4 platform=iphone deploy-type=development path=/Users/s.aman/Documents/Appcelerator_Studio_Workspace/mazaya/modules/iphone/dk.napp.drawer/1.2.4
[DEBUG]  No project level plugins to load
[TRACE]  Snapshotting build directory
[DEBUG]  Titanium SDK iOS directory: /Users/s.aman/Library/Application Support/Titanium/mobilesdk/osx/5.3.1.GA/iphone
[INFO]   Deploy type: development
[INFO]   Building for target: simulator
[INFO]   Building using iOS SDK: 9.0
[INFO]   Building for iOS Simulator: iPhone 5
[DEBUG]  UDID: 7CE31579-E4C1-418D-B6D2-19243D0B0278
[DEBUG]  Simulator type: iphone
[DEBUG]  Simulator version: 9.0
[INFO]   Building for device family: universal
[DEBUG]  Setting Xcode target to Debug
[DEBUG]  Setting Xcode build OS to iphonesimulator
[DEBUG]  Xcode installation: /Applications/Xcode.app/Contents/Developer
[DEBUG]  iOS WWDR certificate: not found
[INFO]   Minimum iOS version: 7.1
[INFO]   Debugging enabled via debug host: localhost:55610
[INFO]   Profiler disabled
[INFO]   Set to copy files instead of symlinking
[INFO]   Initializing the build directory
[TRACE]  offline build file /var/folders/d1/4z1cwxw57n39cz2sz1smy0c00000gp/T/build-2dcc8141dcbf7dfef3a09b521e2d203f07e44959.json
[TRACE]  online 1
[TRACE]  optimizing build, last build was 2697.907 sec ago
[INFO]   Creating Xcode project
[TRACE]  Removing pre-compile phase
[TRACE]  Adding 1 native module library
[TRACE]  No extensions to add
[TRACE]  No change, skipping /Users/s.aman/Documents/Appcelerator_Studio_Workspace/mazaya/build/iphone/mazaya.xcodeproj/project.pbxproj
[INFO]   Creating Entitlements.plist
[TRACE]  No change, skipping /Users/s.aman/Documents/Appcelerator_Studio_Workspace/mazaya/build/iphone/mazaya.entitlements
[INFO]   Creating Info.plist
[DEBUG]  Checking for Splash Screen localization
[INFO]   Disabling ATS
[TRACE]  No change, skipping /Users/s.aman/Documents/Appcelerator_Studio_Workspace/mazaya/build/iphone/Info.plist
[INFO]   Creating main.m
[TRACE]  No change, skipping /Users/s.aman/Documents/Appcelerator_Studio_Workspace/mazaya/build/iphone/main.m
[INFO]   Creating Xcode config files
[TRACE]  No change, skipping /Users/s.aman/Documents/Appcelerator_Studio_Workspace/mazaya/build/iphone/project.xcconfig
[TRACE]  No change, skipping /Users/s.aman/Documents/Appcelerator_Studio_Workspace/mazaya/build/iphone/module.xcconfig
[INFO]   Copying Titanium libraries
[TRACE]  No change, skipping /Users/s.aman/Documents/Appcelerator_Studio_Workspace/mazaya/build/iphone/lib/libTiCore.a
[TRACE]  No change, skipping /Users/s.aman/Documents/Appcelerator_Studio_Workspace/mazaya/build/iphone/lib/libtiverify.a
[TRACE]  No change, skipping /Users/s.aman/Documents/Appcelerator_Studio_Workspace/mazaya/build/iphone/lib/libti_ios_debugger.a
[TRACE]  No change, skipping /Users/s.aman/Documents/Appcelerator_Studio_Workspace/mazaya/build/iphone/lib/libti_ios_profiler.a
[INFO]   Copying Titanium iOS files
[TRACE]  Skipping Classes/ApplicationRouting.m, it'll be processed later
[TRACE]  No change, skipping /Users/s.aman/Documents/Appcelerator_Studio_Workspace/mazaya/build/iphone/mazaya_Prefix.pch
[TRACE]  No change, skipping /Users/s.aman/Documents/Appcelerator_Studio_Workspace/mazaya/build/iphone/mazaya.xcodeproj/xcshareddata/xcschemes/mazaya.xcscheme
[INFO]   Installing default LaunchScreen.storyboard
[TRACE]  No change, skipping /Users/s.aman/Documents/Appcelerator_Studio_Workspace/mazaya/build/iphone/LaunchScreen.storyboard
[INFO]   Creating debugger and profiler plists
[DEBUG]  Writing /Users/s.aman/Documents/Appcelerator_Studio_Workspace/mazaya/build/iphone/build/Products/Debug-iphonesimulator/mazaya.app/debugger.plist
[DEBUG]  Skipping /Users/s.aman/Documents/Appcelerator_Studio_Workspace/mazaya/build/iphone/build/Products/Debug-iphonesimulator/mazaya.app/profiler.plist
[INFO]   Analyzing Resources directory
[INFO]   Analyzing platform files
[INFO]   Analyzing module files
[INFO]   Analyzing localized launch images
[INFO]   Analyzing CommonJS modules
[INFO]   Creating asset catalog
[TRACE]  No change, skipping /Users/s.aman/Documents/Appcelerator_Studio_Workspace/mazaya/build/iphone/Assets.xcassets/Contents.json
[INFO]   Creating app icon set
[TRACE]  Found generated 29x29 app icon: /Users/s.aman/Documents/Appcelerator_Studio_Workspace/mazaya/build/iphone/Assets.xcassets/AppIcon.appiconset/appicon-Small.png
[TRACE]  Found generated 58x58 app icon: /Users/s.aman/Documents/Appcelerator_Studio_Workspace/mazaya/build/iphone/Assets.xcassets/AppIcon.appiconset/appicon-Small@2x.png
[TRACE]  Found generated 87x87 app icon: /Users/s.aman/Documents/Appcelerator_Studio_Workspace/mazaya/build/iphone/Assets.xcassets/AppIcon.appiconset/appicon-Small@3x.png
[TRACE]  Found generated 40x40 app icon: /Users/s.aman/Documents/Appcelerator_Studio_Workspace/mazaya/build/iphone/Assets.xcassets/AppIcon.appiconset/appicon-Small-40.png
[TRACE]  Found generated 80x80 app icon: /Users/s.aman/Documents/Appcelerator_Studio_Workspace/mazaya/build/iphone/Assets.xcassets/AppIcon.appiconset/appicon-Small-40@2x.png
[TRACE]  Found generated 120x120 app icon: /Users/s.aman/Documents/Appcelerator_Studio_Workspace/mazaya/build/iphone/Assets.xcassets/AppIcon.appiconset/appicon-Small-40@3x.png
[TRACE]  Found generated 120x120 app icon: /Users/s.aman/Documents/Appcelerator_Studio_Workspace/mazaya/build/iphone/Assets.xcassets/AppIcon.appiconset/appicon-60@2x.png
[TRACE]  Found generated 180x180 app icon: /Users/s.aman/Documents/Appcelerator_Studio_Workspace/mazaya/build/iphone/Assets.xcassets/AppIcon.appiconset/appicon-60@3x.png
[TRACE]  Found generated 76x76 app icon: /Users/s.aman/Documents/Appcelerator_Studio_Workspace/mazaya/build/iphone/Assets.xcassets/AppIcon.appiconset/appicon-76.png
[TRACE]  Found generated 152x152 app icon: /Users/s.aman/Documents/Appcelerator_Studio_Workspace/mazaya/build/iphone/Assets.xcassets/AppIcon.appiconset/appicon-76@2x.png
[TRACE]  No change, skipping /Users/s.aman/Documents/Appcelerator_Studio_Workspace/mazaya/build/iphone/Assets.xcassets/AppIcon.appiconset/Contents.json
[INFO]   Creating launch logo image set
[TRACE]  Found generated 320x320 launch logo: /Users/s.aman/Documents/Appcelerator_Studio_Workspace/mazaya/build/iphone/Assets.xcassets/LaunchLogo.imageset/LaunchLogo~iphone.png
[TRACE]  Found generated 374x374 launch logo: /Users/s.aman/Documents/Appcelerator_Studio_Workspace/mazaya/build/iphone/Assets.xcassets/LaunchLogo.imageset/LaunchLogo@2x~iphone.png
[TRACE]  Found generated 621x621 launch logo: /Users/s.aman/Documents/Appcelerator_Studio_Workspace/mazaya/build/iphone/Assets.xcassets/LaunchLogo.imageset/LaunchLogo@3x~iphone.png
[TRACE]  Found generated 384x384 launch logo: /Users/s.aman/Documents/Appcelerator_Studio_Workspace/mazaya/build/iphone/Assets.xcassets/LaunchLogo.imageset/LaunchLogo~ipad.png
[TRACE]  Found generated 1024x1024 launch logo: /Users/s.aman/Documents/Appcelerator_Studio_Workspace/mazaya/build/iphone/Assets.xcassets/LaunchLogo.imageset/LaunchLogo@2x~ipad.png
[TRACE]  No change, skipping /Users/s.aman/Documents/Appcelerator_Studio_Workspace/mazaya/build/iphone/Assets.xcassets/LaunchLogo.imageset/Contents.json
[INFO]   Creating launch image set
[DEBUG]  Unsupported launch image Resources/iphone/Default.png, skipping
[TRACE]  No change, skipping /Users/s.aman/Documents/Appcelerator_Studio_Workspace/mazaya/build/iphone/Assets.xcassets/LaunchImage.launchimage/Contents.json
[INFO]   App thinning disabled, skipping asset image sets
[DEBUG]  Copying resources
[TRACE]  No change, skipping /Users/s.aman/Documents/Appcelerator_Studio_Workspace/mazaya/build/iphone/build/Products/Debug-iphonesimulator/mazaya.app/KS_nav_ui.png
[DEBUG]  Overwriting /Users/s.aman/Documents/Appcelerator_Studio_Workspace/mazaya/Resources/KS_nav_ui.png => /Users/s.aman/Documents/Appcelerator_Studio_Workspace/mazaya/build/iphone/build/Products/Debug-iphonesimulator/mazaya.app/KS_nav_ui.png
[TRACE]  No change, skipping /Users/s.aman/Documents/Appcelerator_Studio_Workspace/mazaya/build/iphone/build/Products/Debug-iphonesimulator/mazaya.app/KS_nav_views.png
[DEBUG]  Overwriting /Users/s.aman/Documents/Appcelerator_Studio_Workspace/mazaya/Resources/KS_nav_views.png => /Users/s.aman/Documents/Appcelerator_Studio_Workspace/mazaya/build/iphone/build/Products/Debug-iphonesimulator/mazaya.app/KS_nav_views.png
[TRACE]  No change, skipping /Users/s.aman/Documents/Appcelerator_Studio_Workspace/mazaya/build/iphone/build/Products/Debug-iphonesimulator/mazaya.app/db/othaimrealstate.sqlite
[DEBUG]  Overwriting /Users/s.aman/Documents/Appcelerator_Studio_Workspace/mazaya/Resources/db/othaimrealstate.sqlite => /Users/s.aman/Documents/Appcelerator_Studio_Workspace/mazaya/build/iphone/build/Products/Debug-iphonesimulator/mazaya.app/db/othaimrealstate.sqlite
[TRACE]  No change, skipping /Users/s.aman/Documents/Appcelerator_Studio_Workspace/mazaya/build/iphone/build/Products/Debug-iphonesimulator/mazaya.app/i18n/ar/strings.json
[DEBUG]  Overwriting /Users/s.aman/Documents/Appcelerator_Studio_Workspace/mazaya/Resources/i18n/ar/strings.json => /Users/s.aman/Documents/Appcelerator_Studio_Workspace/mazaya/build/iphone/build/Products/Debug-iphonesimulator/mazaya.app/i18n/ar/strings.json
[TRACE]  No change, skipping /Users/s.aman/Documents/Appcelerator_Studio_Workspace/mazaya/build/iphone/build/Products/Debug-iphonesimulator/mazaya.app/i18n/en/strings.json
[DEBUG]  Overwriting /Users/s.aman/Documents/Appcelerator_Studio_Workspace/mazaya/Resources/i18n/en/strings.json => /Users/s.aman/Documents/Appcelerator_Studio_Workspace/mazaya/build/iphone/build/Products/Debug-iphonesimulator/mazaya.app/i18n/en/strings.json
[TRACE]  No change, skipping /Users/s.aman/Documents/Appcelerator_Studio_Workspace/mazaya/build/iphone/Assets.xcassets/LaunchImage.launchimage/Default-568h@2x.png
[DEBUG]  Overwriting /Users/s.aman/Documents/Appcelerator_Studio_Workspace/mazaya/Resources/iphone/Default-568h@2x.png => /Users/s.aman/Documents/Appcelerator_Studio_Workspace/mazaya/build/iphone/Assets.xcassets/LaunchImage.launchimage/Default-568h@2x.png
[TRACE]  No change, skipping /Users/s.aman/Documents/Appcelerator_Studio_Workspace/mazaya/build/iphone/Assets.xcassets/LaunchImage.launchimage/Default-667h@2x.png
[DEBUG]  Overwriting /Users/s.aman/Documents/Appcelerator_Studio_Workspace/mazaya/Resources/iphone/Default-667h@2x.png => /Users/s.aman/Documents/Appcelerator_Studio_Workspace/mazaya/build/iphone/Assets.xcassets/LaunchImage.launchimage/Default-667h@2x.png
[TRACE]  No change, skipping /Users/s.aman/Documents/Appcelerator_Studio_Workspace/mazaya/build/iphone/Assets.xcassets/LaunchImage.launchimage/Default-Landscape-736h@3x.png
[DEBUG]  Overwriting /Users/s.aman/Documents/Appcelerator_Studio_Workspace/mazaya/Resources/iphone/Default-Landscape-736h@3x.png => /Users/s.aman/Documents/Appcelerator_Studio_Workspace/mazaya/build/iphone/Assets.xcassets/LaunchImage.launchimage/Default-Landscape-736h@3x.png
[TRACE]  No change, skipping /Users/s.aman/Documents/Appcelerator_Studio_Workspace/mazaya/build/iphone/Assets.xcassets/LaunchImage.launchimage/Default-Landscape.png
[DEBUG]  Overwriting /Users/s.aman/Documents/Appcelerator_Studio_Workspace/mazaya/Resources/iphone/Default-Landscape.png => /Users/s.aman/Documents/Appcelerator_Studio_Workspace/mazaya/build/iphone/Assets.xcassets/LaunchImage.launchimage/Default-Landscape.png
[TRACE]  No change, skipping /Users/s.aman/Documents/Appcelerator_Studio_Workspace/mazaya/build/iphone/Assets.xcassets/LaunchImage.launchimage/Default-Landscape@2x.png
[DEBUG]  Overwriting /Users/s.aman/Documents/Appcelerator_Studio_Workspace/mazaya/Resources/iphone/Default-Landscape@2x.png => /Users/s.aman/Documents/Appcelerator_Studio_Workspace/mazaya/build/iphone/Assets.xcassets/LaunchImage.launchimage/Default-Landscape@2x.png
[TRACE]  No change, skipping /Users/s.aman/Documents/Appcelerator_Studio_Workspace/mazaya/build/iphone/Assets.xcassets/LaunchImage.launchimage/Default-Portrait-736h@3x.png
[DEBUG]  Overwriting /Users/s.aman/Documents/Appcelerator_Studio_Workspace/mazaya/Resources/iphone/Default-Portrait-736h@3x.png => /Users/s.aman/Documents/Appcelerator_Studio_Workspace/mazaya/build/iphone/Assets.xcassets/LaunchImage.launchimage/Default-Portrait-736h@3x.png
[TRACE]  No change, skipping /Users/s.aman/Documents/Appcelerator_Studio_Workspace/mazaya/build/iphone/Assets.xcassets/LaunchImage.launchimage/Default-Portrait.png
[DEBUG]  Overwriting /Users/s.aman/Documents/Appcelerator_Studio_Workspace/mazaya/Resources/iphone/Default-Portrait.png => /Users/s.aman/Documents/Appcelerator_Studio_Workspace/mazaya/build/iphone/Assets.xcassets/LaunchImage.launchimage/Default-Portrait.png
[TRACE]  No change, skipping /Users/s.aman/Documents/Appcelerator_Studio_Workspace/mazaya/build/iphone/Assets.xcassets/LaunchImage.launchimage/Default-Portrait@2x.png
[DEBUG]  Overwriting /Users/s.aman/Documents/Appcelerator_Studio_Workspace/mazaya/Resources/iphone/Default-Portrait@2x.png => /Users/s.aman/Documents/Appcelerator_Studio_Workspace/mazaya/build/iphone/Assets.xcassets/LaunchImage.launchimage/Default-Portrait@2x.png
[TRACE]  No change, skipping /Users/s.aman/Documents/Appcelerator_Studio_Workspace/mazaya/build/iphone/Assets.xcassets/LaunchImage.launchimage/Default@2x.png
[DEBUG]  Overwriting /Users/s.aman/Documents/Appcelerator_Studio_Workspace/mazaya/Resources/iphone/Default@2x.png => /Users/s.aman/Documents/Appcelerator_Studio_Workspace/mazaya/build/iphone/Assets.xcassets/LaunchImage.launchimage/Default@2x.png
[DEBUG]  Copying CSS files
[INFO]   Processing JavaScript files
[DEBUG]  Overwriting /Users/s.aman/Documents/Appcelerator_Studio_Workspace/mazaya/Resources/Copy of app.js => /Users/s.aman/Documents/Appcelerator_Studio_Workspace/mazaya/build/iphone/build/Products/Debug-iphonesimulator/mazaya.app/Copy of app.js
[DEBUG]  Overwriting /Users/s.aman/Documents/Appcelerator_Studio_Workspace/mazaya/Resources/TestWindow.js => /Users/s.aman/Documents/Appcelerator_Studio_Workspace/mazaya/build/iphone/build/Products/Debug-iphonesimulator/mazaya.app/TestWindow.js
[DEBUG]  Overwriting /Users/s.aman/Documents/Appcelerator_Studio_Workspace/mazaya/Resources/app-1.js => /Users/s.aman/Documents/Appcelerator_Studio_Workspace/mazaya/build/iphone/build/Products/Debug-iphonesimulator/mazaya.app/app-1.js
[DEBUG]  Overwriting /Users/s.aman/Documents/Appcelerator_Studio_Workspace/mazaya/Resources/app.js => /Users/s.aman/Documents/Appcelerator_Studio_Workspace/mazaya/build/iphone/build/Products/Debug-iphonesimulator/mazaya.app/app.js
[DEBUG]  Overwriting /Users/s.aman/Documents/Appcelerator_Studio_Workspace/mazaya/Resources/config.js => /Users/s.aman/Documents/Appcelerator_Studio_Workspace/mazaya/build/iphone/build/Products/Debug-iphonesimulator/mazaya.app/config.js
[DEBUG]  Overwriting /Users/s.aman/Documents/Appcelerator_Studio_Workspace/mazaya/Resources/db/Sync1.js => /Users/s.aman/Documents/Appcelerator_Studio_Workspace/mazaya/build/iphone/build/Products/Debug-iphonesimulator/mazaya.app/db/Sync1.js
[DEBUG]  Overwriting /Users/s.aman/Documents/Appcelerator_Studio_Workspace/mazaya/Resources/lib/Codes.js => /Users/s.aman/Documents/Appcelerator_Studio_Workspace/mazaya/build/iphone/build/Products/Debug-iphonesimulator/mazaya.app/lib/Codes.js
[DEBUG]  Overwriting /Users/s.aman/Documents/Appcelerator_Studio_Workspace/mazaya/Resources/lib/Copy of ServiceManager.js => /Users/s.aman/Documents/Appcelerator_Studio_Workspace/mazaya/build/iphone/build/Products/Debug-iphonesimulator/mazaya.app/lib/Copy of ServiceManager.js
[DEBUG]  Overwriting /Users/s.aman/Documents/Appcelerator_Studio_Workspace/mazaya/Resources/lib/Database.js => /Users/s.aman/Documents/Appcelerator_Studio_Workspace/mazaya/build/iphone/build/Products/Debug-iphonesimulator/mazaya.app/lib/Database.js
[DEBUG]  Overwriting /Users/s.aman/Documents/Appcelerator_Studio_Workspace/mazaya/Resources/lib/FONTS.js => /Users/s.aman/Documents/Appcelerator_Studio_Workspace/mazaya/build/iphone/build/Products/Debug-iphonesimulator/mazaya.app/lib/FONTS.js
[DEBUG]  Overwriting /Users/s.aman/Documents/Appcelerator_Studio_Workspace/mazaya/Resources/lib/Functions.js => /Users/s.aman/Documents/Appcelerator_Studio_Workspace/mazaya/build/iphone/build/Products/Debug-iphonesimulator/mazaya.app/lib/Functions.js
[DEBUG]  Overwriting /Users/s.aman/Documents/Appcelerator_Studio_Workspace/mazaya/Resources/lib/Global.js => /Users/s.aman/Documents/Appcelerator_Studio_Workspace/mazaya/build/iphone/build/Products/Debug-iphonesimulator/mazaya.app/lib/Global.js
[DEBUG]  Overwriting /Users/s.aman/Documents/Appcelerator_Studio_Workspace/mazaya/Resources/lib/ICONS.js => /Users/s.aman/Documents/Appcelerator_Studio_Workspace/mazaya/build/iphone/build/Products/Debug-iphonesimulator/mazaya.app/lib/ICONS.js
[DEBUG]  Overwriting /Users/s.aman/Documents/Appcelerator_Studio_Workspace/mazaya/Resources/lib/Layout.js => /Users/s.aman/Documents/Appcelerator_Studio_Workspace/mazaya/build/iphone/build/Products/Debug-iphonesimulator/mazaya.app/lib/Layout.js
[DEBUG]  Overwriting /Users/s.aman/Documents/Appcelerator_Studio_Workspace/mazaya/Resources/lib/Menu.js => /Users/s.aman/Documents/Appcelerator_Studio_Workspace/mazaya/build/iphone/build/Products/Debug-iphonesimulator/mazaya.app/lib/Menu.js
[DEBUG]  Overwriting /Users/s.aman/Documents/Appcelerator_Studio_Workspace/mazaya/Resources/lib/ServiceManager.js => /Users/s.aman/Documents/Appcelerator_Studio_Workspace/mazaya/build/iphone/build/Products/Debug-iphonesimulator/mazaya.app/lib/ServiceManager.js
[DEBUG]  Overwriting /Users/s.aman/Documents/Appcelerator_Studio_Workspace/mazaya/Resources/lib/Sprintf.js => /Users/s.aman/Documents/Appcelerator_Studio_Workspace/mazaya/build/iphone/build/Products/Debug-iphonesimulator/mazaya.app/lib/Sprintf.js
[DEBUG]  Overwriting /Users/s.aman/Documents/Appcelerator_Studio_Workspace/mazaya/Resources/lib/Sync.js => /Users/s.aman/Documents/Appcelerator_Studio_Workspace/mazaya/build/iphone/build/Products/Debug-iphonesimulator/mazaya.app/lib/Sync.js
[DEBUG]  Overwriting /Users/s.aman/Documents/Appcelerator_Studio_Workspace/mazaya/Resources/lib/Sync1.js => /Users/s.aman/Documents/Appcelerator_Studio_Workspace/mazaya/build/iphone/build/Products/Debug-iphonesimulator/mazaya.app/lib/Sync1.js
[DEBUG]  Overwriting /Users/s.aman/Documents/Appcelerator_Studio_Workspace/mazaya/Resources/lib/UX.js => /Users/s.aman/Documents/Appcelerator_Studio_Workspace/mazaya/build/iphone/build/Products/Debug-iphonesimulator/mazaya.app/lib/UX.js
[DEBUG]  Overwriting /Users/s.aman/Documents/Appcelerator_Studio_Workspace/mazaya/Resources/lib/Underscore.js => /Users/s.aman/Documents/Appcelerator_Studio_Workspace/mazaya/build/iphone/build/Products/Debug-iphonesimulator/mazaya.app/lib/Underscore.js
[DEBUG]  Overwriting /Users/s.aman/Documents/Appcelerator_Studio_Workspace/mazaya/Resources/lib/envoirnment.js => /Users/s.aman/Documents/Appcelerator_Studio_Workspace/mazaya/build/iphone/build/Products/Debug-iphonesimulator/mazaya.app/lib/envoirnment.js
[DEBUG]  Overwriting /Users/s.aman/Documents/Appcelerator_Studio_Workspace/mazaya/Resources/lib/form/Constraint.js => /Users/s.aman/Documents/Appcelerator_Studio_Workspace/mazaya/build/iphone/build/Products/Debug-iphonesimulator/mazaya.app/lib/form/Constraint.js
[DEBUG]  Overwriting /Users/s.aman/Documents/Appcelerator_Studio_Workspace/mazaya/Resources/lib/form/FormModule.js => /Users/s.aman/Documents/Appcelerator_Studio_Workspace/mazaya/build/iphone/build/Products/Debug-iphonesimulator/mazaya.app/lib/form/FormModule.js
[DEBUG]  Overwriting /Users/s.aman/Documents/Appcelerator_Studio_Workspace/mazaya/Resources/lib/i18n.js => /Users/s.aman/Documents/Appcelerator_Studio_Workspace/mazaya/build/iphone/build/Products/Debug-iphonesimulator/mazaya.app/lib/i18n.js
[DEBUG]  Overwriting /Users/s.aman/Documents/Appcelerator_Studio_Workspace/mazaya/Resources/ui/android/AccountWindow.js => /Users/s.aman/Documents/Appcelerator_Studio_Workspace/mazaya/build/iphone/build/Products/Debug-iphonesimulator/mazaya.app/ui/android/AccountWindow.js
[DEBUG]  Overwriting /Users/s.aman/Documents/Appcelerator_Studio_Workspace/mazaya/Resources/ui/android/CompanyController.js => /Users/s.aman/Documents/Appcelerator_Studio_Workspace/mazaya/build/iphone/build/Products/Debug-iphonesimulator/mazaya.app/ui/android/CompanyController.js
[DEBUG]  Overwriting /Users/s.aman/Documents/Appcelerator_Studio_Workspace/mazaya/Resources/ui/android/DiscountWindow.js => /Users/s.aman/Documents/Appcelerator_Studio_Workspace/mazaya/build/iphone/build/Products/Debug-iphonesimulator/mazaya.app/ui/android/DiscountWindow.js
[DEBUG]  Overwriting /Users/s.aman/Documents/Appcelerator_Studio_Workspace/mazaya/Resources/ui/android/HomeWindow.js => /Users/s.aman/Documents/Appcelerator_Studio_Workspace/mazaya/build/iphone/build/Products/Debug-iphonesimulator/mazaya.app/ui/android/HomeWindow.js
[DEBUG]  Overwriting /Users/s.aman/Documents/Appcelerator_Studio_Workspace/mazaya/Resources/ui/android/LoginWindow.js => /Users/s.aman/Documents/Appcelerator_Studio_Workspace/mazaya/build/iphone/build/Products/Debug-iphonesimulator/mazaya.app/ui/android/LoginWindow.js
[DEBUG]  Overwriting /Users/s.aman/Documents/Appcelerator_Studio_Workspace/mazaya/Resources/ui/android/MasterWindow.js => /Users/s.aman/Documents/Appcelerator_Studio_Workspace/mazaya/build/iphone/build/Products/Debug-iphonesimulator/mazaya.app/ui/android/MasterWindow.js
[DEBUG]  Overwriting /Users/s.aman/Documents/Appcelerator_Studio_Workspace/mazaya/Resources/ui/android/MoreWindow.js => /Users/s.aman/Documents/Appcelerator_Studio_Workspace/mazaya/build/iphone/build/Products/Debug-iphonesimulator/mazaya.app/ui/android/MoreWindow.js
[DEBUG]  Overwriting /Users/s.aman/Documents/Appcelerator_Studio_Workspace/mazaya/Resources/ui/android/SignupWindow.js => /Users/s.aman/Documents/Appcelerator_Studio_Workspace/mazaya/build/iphone/build/Products/Debug-iphonesimulator/mazaya.app/ui/android/SignupWindow.js
[DEBUG]  Overwriting /Users/s.aman/Documents/Appcelerator_Studio_Workspace/mazaya/Resources/ui/android/StoresWindow.js => /Users/s.aman/Documents/Appcelerator_Studio_Workspace/mazaya/build/iphone/build/Products/Debug-iphonesimulator/mazaya.app/ui/android/StoresWindow.js
[DEBUG]  Overwriting /Users/s.aman/Documents/Appcelerator_Studio_Workspace/mazaya/Resources/ui/android/company/AddDelegateWindow.js => /Users/s.aman/Documents/Appcelerator_Studio_Workspace/mazaya/build/iphone/build/Products/Debug-iphonesimulator/mazaya.app/ui/android/company/AddDelegateWindow.js
[DEBUG]  Overwriting /Users/s.aman/Documents/Appcelerator_Studio_Workspace/mazaya/Resources/ui/android/company/CompanyDetailWindow.js => /Users/s.aman/Documents/Appcelerator_Studio_Workspace/mazaya/build/iphone/build/Products/Debug-iphonesimulator/mazaya.app/ui/android/company/CompanyDetailWindow.js
[DEBUG]  Overwriting /Users/s.aman/Documents/Appcelerator_Studio_Workspace/mazaya/Resources/ui/android/company/ListDiscountWindow.js => /Users/s.aman/Documents/Appcelerator_Studio_Workspace/mazaya/build/iphone/build/Products/Debug-iphonesimulator/mazaya.app/ui/android/company/ListDiscountWindow.js
[DEBUG]  Overwriting /Users/s.aman/Documents/Appcelerator_Studio_Workspace/mazaya/Resources/ui/android/company/UploadfDiscountWindow.js => /Users/s.aman/Documents/Appcelerator_Studio_Workspace/mazaya/build/iphone/build/Products/Debug-iphonesimulator/mazaya.app/ui/android/company/UploadfDiscountWindow.js
[DEBUG]  Overwriting /Users/s.aman/Documents/Appcelerator_Studio_Workspace/mazaya/Resources/ui/android/customer/DetailWindow.js => /Users/s.aman/Documents/Appcelerator_Studio_Workspace/mazaya/build/iphone/build/Products/Debug-iphonesimulator/mazaya.app/ui/android/customer/DetailWindow.js
[DEBUG]  Overwriting /Users/s.aman/Documents/Appcelerator_Studio_Workspace/mazaya/Resources/ui/android/customer/LoyaltyPointsWindow.js => /Users/s.aman/Documents/Appcelerator_Studio_Workspace/mazaya/build/iphone/build/Products/Debug-iphonesimulator/mazaya.app/ui/android/customer/LoyaltyPointsWindow.js
[DEBUG]  Overwriting /Users/s.aman/Documents/Appcelerator_Studio_Workspace/mazaya/Resources/ui/android/customer/TransactionWindow.js => /Users/s.aman/Documents/Appcelerator_Studio_Workspace/mazaya/build/iphone/build/Products/Debug-iphonesimulator/mazaya.app/ui/android/customer/TransactionWindow.js
[DEBUG]  Overwriting /Users/s.aman/Documents/Appcelerator_Studio_Workspace/mazaya/Resources/ui/form/LoginForm.js => /Users/s.aman/Documents/Appcelerator_Studio_Workspace/mazaya/build/iphone/build/Products/Debug-iphonesimulator/mazaya.app/ui/form/LoginForm.js
[DEBUG]  Overwriting /Users/s.aman/Documents/Appcelerator_Studio_Workspace/mazaya/Resources/ui/form/company/register.js => /Users/s.aman/Documents/Appcelerator_Studio_Workspace/mazaya/build/iphone/build/Products/Debug-iphonesimulator/mazaya.app/ui/form/company/register.js
[DEBUG]  Overwriting /Users/s.aman/Documents/Appcelerator_Studio_Workspace/mazaya/Resources/ui/ios/AccountWindow.js => /Users/s.aman/Documents/Appcelerator_Studio_Workspace/mazaya/build/iphone/build/Products/Debug-iphonesimulator/mazaya.app/ui/ios/AccountWindow.js
[DEBUG]  Overwriting /Users/s.aman/Documents/Appcelerator_Studio_Workspace/mazaya/Resources/ui/ios/DiscountWindow.js => /Users/s.aman/Documents/Appcelerator_Studio_Workspace/mazaya/build/iphone/build/Products/Debug-iphonesimulator/mazaya.app/ui/ios/DiscountWindow.js
[DEBUG]  Overwriting /Users/s.aman/Documents/Appcelerator_Studio_Workspace/mazaya/Resources/ui/ios/HomeWindow.js => /Users/s.aman/Documents/Appcelerator_Studio_Workspace/mazaya/build/iphone/build/Products/Debug-iphonesimulator/mazaya.app/ui/ios/HomeWindow.js
[DEBUG]  Overwriting /Users/s.aman/Documents/Appcelerator_Studio_Workspace/mazaya/Resources/ui/ios/LeftWindow.js => /Users/s.aman/Documents/Appcelerator_Studio_Workspace/mazaya/build/iphone/build/Products/Debug-iphonesimulator/mazaya.app/ui/ios/LeftWindow.js
[DEBUG]  Overwriting /Users/s.aman/Documents/Appcelerator_Studio_Workspace/mazaya/Resources/ui/ios/LoginWindow.js => /Users/s.aman/Documents/Appcelerator_Studio_Workspace/mazaya/build/iphone/build/Products/Debug-iphonesimulator/mazaya.app/ui/ios/LoginWindow.js
[DEBUG]  Overwriting /Users/s.aman/Documents/Appcelerator_Studio_Workspace/mazaya/Resources/ui/ios/MasterWindow.js => /Users/s.aman/Documents/Appcelerator_Studio_Workspace/mazaya/build/iphone/build/Products/Debug-iphonesimulator/mazaya.app/ui/ios/MasterWindow.js
[DEBUG]  Overwriting /Users/s.aman/Documents/Appcelerator_Studio_Workspace/mazaya/Resources/ui/ios/MoreWindow.js => /Users/s.aman/Documents/Appcelerator_Studio_Workspace/mazaya/build/iphone/build/Products/Debug-iphonesimulator/mazaya.app/ui/ios/MoreWindow.js
[DEBUG]  Overwriting /Users/s.aman/Documents/Appcelerator_Studio_Workspace/mazaya/Resources/ui/ios/SignupWindow.js => /Users/s.aman/Documents/Appcelerator_Studio_Workspace/mazaya/build/iphone/build/Products/Debug-iphonesimulator/mazaya.app/ui/ios/SignupWindow.js
[DEBUG]  Overwriting /Users/s.aman/Documents/Appcelerator_Studio_Workspace/mazaya/Resources/ui/ios/StoresWindow.js => /Users/s.aman/Documents/Appcelerator_Studio_Workspace/mazaya/build/iphone/build/Products/Debug-iphonesimulator/mazaya.app/ui/ios/StoresWindow.js
[DEBUG]  Overwriting /Users/s.aman/Documents/Appcelerator_Studio_Workspace/mazaya/Resources/ui/ios/company/AddDelegateWindow.js => /Users/s.aman/Documents/Appcelerator_Studio_Workspace/mazaya/build/iphone/build/Products/Debug-iphonesimulator/mazaya.app/ui/ios/company/AddDelegateWindow.js
[DEBUG]  Overwriting /Users/s.aman/Documents/Appcelerator_Studio_Workspace/mazaya/Resources/ui/ios/company/CompanyDetailWindow.js => /Users/s.aman/Documents/Appcelerator_Studio_Workspace/mazaya/build/iphone/build/Products/Debug-iphonesimulator/mazaya.app/ui/ios/company/CompanyDetailWindow.js
[DEBUG]  Overwriting /Users/s.aman/Documents/Appcelerator_Studio_Workspace/mazaya/Resources/ui/ios/company/ListDiscountWindow.js => /Users/s.aman/Documents/Appcelerator_Studio_Workspace/mazaya/build/iphone/build/Products/Debug-iphonesimulator/mazaya.app/ui/ios/company/ListDiscountWindow.js
[DEBUG]  Overwriting /Users/s.aman/Documents/Appcelerator_Studio_Workspace/mazaya/Resources/ui/ios/company/SignupWindow.js => /Users/s.aman/Documents/Appcelerator_Studio_Workspace/mazaya/build/iphone/build/Products/Debug-iphonesimulator/mazaya.app/ui/ios/company/SignupWindow.js
[DEBUG]  Overwriting /Users/s.aman/Documents/Appcelerator_Studio_Workspace/mazaya/Resources/ui/ios/company/UploadfDiscountWindow.js => /Users/s.aman/Documents/Appcelerator_Studio_Workspace/mazaya/build/iphone/build/Products/Debug-iphonesimulator/mazaya.app/ui/ios/company/UploadfDiscountWindow.js
[DEBUG]  Overwriting /Users/s.aman/Documents/Appcelerator_Studio_Workspace/mazaya/Resources/ui/ios/customer/CustomerDetailWindow.js => /Users/s.aman/Documents/Appcelerator_Studio_Workspace/mazaya/build/iphone/build/Products/Debug-iphonesimulator/mazaya.app/ui/ios/customer/CustomerDetailWindow.js
[DEBUG]  Overwriting /Users/s.aman/Documents/Appcelerator_Studio_Workspace/mazaya/Resources/ui/ios/customer/InviteFriendWindow.js => /Users/s.aman/Documents/Appcelerator_Studio_Workspace/mazaya/build/iphone/build/Products/Debug-iphonesimulator/mazaya.app/ui/ios/customer/InviteFriendWindow.js
[DEBUG]  Overwriting /Users/s.aman/Documents/Appcelerator_Studio_Workspace/mazaya/Resources/ui/ios/customer/LoyaltyPointsWindow.js => /Users/s.aman/Documents/Appcelerator_Studio_Workspace/mazaya/build/iphone/build/Products/Debug-iphonesimulator/mazaya.app/ui/ios/customer/LoyaltyPointsWindow.js
[DEBUG]  Overwriting /Users/s.aman/Documents/Appcelerator_Studio_Workspace/mazaya/Resources/ui/ios/customer/SignupWindow.js => /Users/s.aman/Documents/Appcelerator_Studio_Workspace/mazaya/build/iphone/build/Products/Debug-iphonesimulator/mazaya.app/ui/ios/customer/SignupWindow.js
[DEBUG]  Overwriting /Users/s.aman/Documents/Appcelerator_Studio_Workspace/mazaya/Resources/ui/ios/customer/TransactionWindow.js => /Users/s.aman/Documents/Appcelerator_Studio_Workspace/mazaya/build/iphone/build/Products/Debug-iphonesimulator/mazaya.app/ui/ios/customer/TransactionWindow.js
[DEBUG]  Overwriting /Users/s.aman/Documents/Appcelerator_Studio_Workspace/mazaya/Resources/ui/tablet/ApplicationWindow.js => /Users/s.aman/Documents/Appcelerator_Studio_Workspace/mazaya/build/iphone/build/Products/Debug-iphonesimulator/mazaya.app/ui/tablet/ApplicationWindow.js
[INFO]   Writing app properties
[TRACE]  No change, skipping /Users/s.aman/Documents/Appcelerator_Studio_Workspace/mazaya/build/iphone/build/Products/Debug-iphonesimulator/mazaya.app/_app_props_.json
[DEBUG]  Using default application routing
[TRACE]  No change, skipping /Users/s.aman/Documents/Appcelerator_Studio_Workspace/mazaya/build/iphone/Classes/ApplicationRouting.m
[INFO]   Writing i18n files
[DEBUG]  Compiling localization files
[DEBUG]  Processing i18n file: en/strings.xml
[DEBUG]  Processing i18n file: ja/strings.xml
[TRACE]  No change, skipping /Users/s.aman/Documents/Appcelerator_Studio_Workspace/mazaya/build/iphone/build/Products/Debug-iphonesimulator/mazaya.app/en.lproj/Localizable.strings
[TRACE]  No change, skipping /Users/s.aman/Documents/Appcelerator_Studio_Workspace/mazaya/build/iphone/build/Products/Debug-iphonesimulator/mazaya.app/ja.lproj/Localizable.strings
[INFO]   Processing Titanium symbols
[DEBUG]  Processing Titanium namespace resources
[TRACE]  No change, skipping /Users/s.aman/Documents/Appcelerator_Studio_Workspace/mazaya/build/iphone/build/Products/Debug-iphonesimulator/mazaya.app/modules/ui/images/badge.png
[TRACE]  No change, skipping /Users/s.aman/Documents/Appcelerator_Studio_Workspace/mazaya/build/iphone/build/Products/Debug-iphonesimulator/mazaya.app/modules/ui/images/closeButton.png
[TRACE]  No change, skipping /Users/s.aman/Documents/Appcelerator_Studio_Workspace/mazaya/build/iphone/build/Products/Debug-iphonesimulator/mazaya.app/modules/ui/images/photoDefault.png
[TRACE]  No change, skipping /Users/s.aman/Documents/Appcelerator_Studio_Workspace/mazaya/build/iphone/Classes/defines.h
[INFO]   Removing files
[DEBUG]  Removing empty directories
[INFO]   Skipping xcodebuild
[INFO]   Finished building the application in 1s 890ms
[INFO]   Launching iOS Simulator
[TRACE]  [ioslib] Selected iOS Simulator: iPhone 5
[TRACE]  [ioslib]   UDID    = 7CE31579-E4C1-418D-B6D2-19243D0B0278
[TRACE]  [ioslib]   iOS     = 9.0
[TRACE]  [ioslib] Autoselected Xcode: 7.0.1
[TRACE]  [ioslib] Removing old log file: /Users/s.aman/Library/Developer/CoreSimulator/Devices/7CE31579-E4C1-418D-B6D2-19243D0B0278/data/Containers/Data/Application/D53B5F16-2F2F-40D0-A123-56154D1223A9/Documents/f7271b50-8911-4408-9555-914f299c11d2.log
[TRACE]  [ioslib] iPhone 5 Simulator already running with the correct udid
[TRACE]  [ioslib] Tailing iPhone 5 Simulator system log: /Users/s.aman/Library/Logs/CoreSimulator/7CE31579-E4C1-418D-B6D2-19243D0B0278/system.log
[TRACE]  [ioslib] Running: osascript "/Users/s.aman/Library/Application Support/Titanium/mobilesdk/osx/5.3.1.GA/node_modules/ioslib/lib/sim_focus.scpt" "Simulator"
[TRACE]  [ioslib] iPhone 5 Simulator successfully focused
[TRACE]  [ioslib] Running: /Applications/Xcode.app/Contents/Developer/usr/bin/simctl install 7CE31579-E4C1-418D-B6D2-19243D0B0278 /Users/s.aman/Documents/Appcelerator_Studio_Workspace/mazaya/build/iphone/build/Products/Debug-iphonesimulator/mazaya.app
[TRACE]  [ioslib] App installed
[TRACE]  [ioslib] Running: /Applications/Xcode.app/Contents/Developer/usr/bin/simctl launch 7CE31579-E4C1-418D-B6D2-19243D0B0278 com.mazaya
[TRACE]  [ioslib] App launched
[TRACE]  [mazaya] assertion failed: 15F34 13A340: libxpc.dylib + 71578 [5150F854-0B13-3C60-8B86-891EC976986E]: 0x7d
[TRACE]  [ioslib] Found application log file: /Users/s.aman/Library/Developer/CoreSimulator/Devices/7CE31579-E4C1-418D-B6D2-19243D0B0278/data/Containers/Data/Application/DD6E08AF-AA88-4343-93D3-AF1172D0AB7C/Documents/f7271b50-8911-4408-9555-914f299c11d2.log